[debug] [2021-07-14T08:42:19.041Z] ----------------------------------------------------------------------
[debug] [2021-07-14T08:42:19.045Z] Command:       C:\Program Files\nodejs\node.exe C:\Users\E196174\AppData\Roaming\npm\node_modules\firebase-tools\lib\bin\firebase.js deploy
[debug] [2021-07-14T08:42:19.045Z] CLI Version:   9.16.0
[debug] [2021-07-14T08:42:19.045Z] Platform:      win32
[debug] [2021-07-14T08:42:19.045Z] Node Version:  v12.18.4
[debug] [2021-07-14T08:42:19.046Z] Time:          Wed Jul 14 2021 10:42:19 GMT+0200 (GMT+02:00)
[debug] [2021-07-14T08:42:19.046Z] ----------------------------------------------------------------------
[debug] 
[debug] [2021-07-14T08:42:19.113Z] > command requires scopes: ["email","openid","https://www.googleapis.com/auth/cloudplatformprojects.readonly","https://www.googleapis.com/auth/firebase","https://www.googleapis.com/auth/cloud-platform"]
[debug] [2021-07-14T08:42:19.113Z] > authorizing via signed-in user (info@despeelberg.be)
[debug] [2021-07-14T08:42:19.113Z] [iam] checking project despeelberg-be for permissions ["firebase.projects.get","firebasehosting.sites.update"]
[debug] [2021-07-14T08:42:19.116Z] > refreshing access token with scopes: ["email","https://www.googleapis.com/auth/cloud-platform","https://www.googleapis.com/auth/cloudplatformprojects.readonly","https://www.googleapis.com/auth/firebase","openid"]
[debug] [2021-07-14T08:42:19.116Z] >>> HTTP REQUEST POST https://www.googleapis.com/oauth2/v3/token  
 <request body omitted>
[debug] [2021-07-14T08:42:19.231Z] <<< HTTP RESPONSE 200 {"expires":"Mon, 01 Jan 1990 00:00:00 GMT","pragma":"no-cache","date":"Wed, 14 Jul 2021 08:42:19 GMT","cache-control":"no-cache, no-store, max-age=0, must-revalidate","content-type":"application/json; charset=utf-8","vary":"X-Origin, Referer, Origin,Accept-Encoding","server":"scaffolding on HTTPServer2","x-xss-protection":"0","x-frame-options":"SAMEORIGIN","x-content-type-options":"nosniff","alt-svc":"h3=\":443\"; ma=2592000,h3-29=\":443\"; ma=2592000,h3-T051=\":443\"; ma=2592000,h3-Q050=\":443\"; ma=2592000,h3-Q046=\":443\"; ma=2592000,h3-Q043=\":443\"; ma=2592000,quic=\":443\"; ma=2592000; v=\"46,43\"","accept-ranges":"none","transfer-encoding":"chunked"}
[debug] [2021-07-14T08:42:19.251Z] >>> HTTP REQUEST POST https://cloudresourcemanager.googleapis.com/v1/projects/despeelberg-be:testIamPermissions  
 {"permissions":["firebase.projects.get","firebasehosting.sites.update"]}
[debug] [2021-07-14T08:42:19.884Z] <<< HTTP RESPONSE 200 {"content-type":"application/json; charset=UTF-8","vary":"X-Origin, Referer, Origin,Accept-Encoding","date":"Wed, 14 Jul 2021 08:42:19 GMT","server":"ESF","cache-control":"private","x-xss-protection":"0","x-frame-options":"SAMEORIGIN","x-content-type-options":"nosniff","server-timing":"gfet4t7; dur=571","alt-svc":"h3=\":443\"; ma=2592000,h3-29=\":443\"; ma=2592000,h3-T051=\":443\"; ma=2592000,h3-Q050=\":443\"; ma=2592000,h3-Q046=\":443\"; ma=2592000,h3-Q043=\":443\"; ma=2592000,quic=\":443\"; ma=2592000; v=\"46,43\"","accept-ranges":"none","transfer-encoding":"chunked"}
[debug] [2021-07-14T08:42:19.886Z] > refreshing access token with scopes: []
[debug] [2021-07-14T08:42:19.886Z] >>> HTTP REQUEST POST https://www.googleapis.com/oauth2/v3/token  
 <request body omitted>
